c:\users\ed\documents\github\low_pass_filter_vst_plugin\builds\visualstudio2013\debug\vc120.pdb
c:\users\ed\documents\github\low_pass_filter_vst_plugin\builds\visualstudio2013\debug\lowpassfilter.ilk
c:\users\ed\documents\github\low_pass_filter_vst_plugin\builds\visualstudio2013\debug\lowpassfilter.dll
c:\users\ed\documents\github\low_pass_filter_vst_plugin\builds\visualstudio2013\debug\lowpassfilter.pdb
c:\users\ed\documents\github\low_pass_filter_vst_plugin\builds\visualstudio2013\debug\lowpassfilter.lib
c:\users\ed\documents\github\low_pass_filter_vst_plugin\builds\visualstudio2013\debug\lowpassfilter.exp
c:\users\ed\documents\github\low_pass_filter_vst_plugin\builds\visualstudio2013\debug\resources.res
c:\users\ed\documents\github\low_pass_filter_vst_plugin\builds\visualstudio2013\debug\juce_audio_basics.obj
c:\users\ed\documents\github\low_pass_filter_vst_plugin\builds\visualstudio2013\debug\juce_audio_devices.obj
c:\users\ed\documents\github\low_pass_filter_vst_plugin\builds\visualstudio2013\debug\juce_audio_formats.obj
c:\users\ed\documents\github\low_pass_filter_vst_plugin\builds\visualstudio2013\debug\juce_audio_plugin_client_utils.obj
c:\users\ed\documents\github\low_pass_filter_vst_plugin\builds\visualstudio2013\debug\juce_audio_plugin_client_vst2.obj
c:\users\ed\documents\github\low_pass_filter_vst_plugin\builds\visualstudio2013\debug\juce_audio_processors.obj
c:\users\ed\documents\github\low_pass_filter_vst_plugin\builds\visualstudio2013\debug\juce_core.obj
c:\users\ed\documents\github\low_pass_filter_vst_plugin\builds\visualstudio2013\debug\juce_cryptography.obj
c:\users\ed\documents\github\low_pass_filter_vst_plugin\builds\visualstudio2013\debug\juce_data_structures.obj
c:\users\ed\documents\github\low_pass_filter_vst_plugin\builds\visualstudio2013\debug\juce_events.obj
c:\users\ed\documents\github\low_pass_filter_vst_plugin\builds\visualstudio2013\debug\juce_graphics.obj
c:\users\ed\documents\github\low_pass_filter_vst_plugin\builds\visualstudio2013\debug\juce_gui_basics.obj
c:\users\ed\documents\github\low_pass_filter_vst_plugin\builds\visualstudio2013\debug\juce_gui_extra.obj
c:\users\ed\documents\github\low_pass_filter_vst_plugin\builds\visualstudio2013\debug\juce_opengl.obj
c:\users\ed\documents\github\low_pass_filter_vst_plugin\builds\visualstudio2013\debug\juce_video.obj
c:\users\ed\documents\github\low_pass_filter_vst_plugin\builds\visualstudio2013\debug\plugineditor.obj
c:\users\ed\documents\github\low_pass_filter_vst_plugin\builds\visualstudio2013\debug\pluginprocessor.obj
c:\users\ed\documents\github\low_pass_filter_vst_plugin\builds\visualstudio2013\debug\vc120.idb
c:\users\ed\documents\github\low_pass_filter_vst_plugin\builds\visualstudio2013\debug\lowpassfilter.tlog\cl.command.1.tlog
c:\users\ed\documents\github\low_pass_filter_vst_plugin\builds\visualstudio2013\debug\lowpassfilter.tlog\cl.read.1.tlog
c:\users\ed\documents\github\low_pass_filter_vst_plugin\builds\visualstudio2013\debug\lowpassfilter.tlog\cl.write.1.tlog
c:\users\ed\documents\github\low_pass_filter_vst_plugin\builds\visualstudio2013\debug\lowpassfilter.tlog\link.command.1.tlog
c:\users\ed\documents\github\low_pass_filter_vst_plugin\builds\visualstudio2013\debug\lowpassfilter.tlog\link.read.1.tlog
c:\users\ed\documents\github\low_pass_filter_vst_plugin\builds\visualstudio2013\debug\lowpassfilter.tlog\link.write.1.tlog
c:\users\ed\documents\github\low_pass_filter_vst_plugin\builds\visualstudio2013\debug\lowpassfilter.tlog\lowpassfilter.write.1u.tlog
c:\users\ed\documents\github\low_pass_filter_vst_plugin\builds\visualstudio2013\debug\lowpassfilter.tlog\rc.command.1.tlog
c:\users\ed\documents\github\low_pass_filter_vst_plugin\builds\visualstudio2013\debug\lowpassfilter.tlog\rc.read.1.tlog
c:\users\ed\documents\github\low_pass_filter_vst_plugin\builds\visualstudio2013\debug\lowpassfilter.tlog\rc.write.1.tlog
